

Started GET "/" for ::1 at 2018-10-27 12:27:07 +0900
  [1m[36mActiveRecord::SchemaMigration Load (0.4ms)[0m  [1mSELECT `schema_migrations`.* FROM `schema_migrations`[0m
Processing by PrototypesController#index as HTML
  [1m[35mPrototype Load (0.3ms)[0m  SELECT `prototypes`.* FROM `prototypes`
  [1m[36mUser Load (0.3ms)[0m  [1mSELECT  `users`.* FROM `users` WHERE `users`.`id` = 1 LIMIT 1[0m
  Rendered prototypes/_prototype.html.haml (37.8ms)
  Rendered prototypes/index.html.haml within layouts/application (291.4ms)
  Rendered shared/_header.html.haml (15.2ms)
  Rendered shared/_messages.html.haml (2.8ms)
  Rendered shared/_footer.html.haml (2.8ms)
Completed 200 OK in 428ms (Views: 385.9ms | ActiveRecord: 5.8ms)


Started GET "/" for ::1 at 2018-10-27 12:27:09 +0900
Processing by PrototypesController#index as HTML
  [1m[35mPrototype Load (0.3ms)[0m  SELECT `prototypes`.* FROM `prototypes`
  [1m[36mUser Load (0.4ms)[0m  [1mSELECT  `users`.* FROM `users` WHERE `users`.`id` = 1 LIMIT 1[0m
  Rendered prototypes/_prototype.html.haml (2.0ms)
  Rendered prototypes/index.html.haml within layouts/application (7.3ms)
  Rendered shared/_header.html.haml (0.9ms)
  Rendered shared/_messages.html.haml (0.1ms)
  Rendered shared/_footer.html.haml (0.0ms)
Completed 200 OK in 46ms (Views: 44.8ms | ActiveRecord: 0.7ms)


Started GET "/" for ::1 at 2018-10-27 12:27:11 +0900
Processing by PrototypesController#index as HTML
  [1m[35mPrototype Load (0.3ms)[0m  SELECT `prototypes`.* FROM `prototypes`
  [1m[36mUser Load (0.4ms)[0m  [1mSELECT  `users`.* FROM `users` WHERE `users`.`id` = 1 LIMIT 1[0m
  Rendered prototypes/_prototype.html.haml (1.8ms)
  Rendered prototypes/index.html.haml within layouts/application (6.4ms)
  Rendered shared/_header.html.haml (0.8ms)
  Rendered shared/_messages.html.haml (0.1ms)
  Rendered shared/_footer.html.haml (0.1ms)
Completed 200 OK in 63ms (Views: 60.2ms | ActiveRecord: 0.7ms)


Started GET "/users/sign_in" for ::1 at 2018-10-27 12:27:13 +0900
Processing by Devise::SessionsController#new as HTML
  Rendered devise/sessions/new.html.haml within layouts/application (27.2ms)
  Rendered shared/_header.html.haml (0.9ms)
  Rendered shared/_messages.html.haml (0.1ms)
  Rendered shared/_footer.html.haml (0.1ms)
Completed 200 OK in 72ms (Views: 69.0ms | ActiveRecord: 0.0ms)


Started GET "/users/sign_up" for ::1 at 2018-10-27 12:27:14 +0900
Processing by Devise::RegistrationsController#new as HTML
  Rendered devise/registrations/new.html.haml within layouts/application (21.8ms)
  Rendered shared/_header.html.haml (1.4ms)
  Rendered shared/_messages.html.haml (0.2ms)
  Rendered shared/_footer.html.haml (0.1ms)
Completed 200 OK in 76ms (Views: 74.8ms | ActiveRecord: 0.0ms)
